app/build/intermediates/manifest_merge_blame_file/release/processReleaseMainManifest/manifest-merger-blame-release-report.txt
1<?xml version="1.0" encoding="utf-8"?>
2<manifest xmlns:android="http://schemas.android.com/apk/res/android"
3    package="io.qwqc.claudewatch"
4    android:versionCode="1"
5    android:versionName="1.0" >
6
7    <uses-sdk
8        android:minSdkVersion="30"
9        android:targetSdkVersion="35" />
10
11    <uses-feature android:name="android.hardware.type.watch" />
11-->src\main\AndroidManifest.xml:5:5-64
11-->src\main\AndroidManifest.xml:5:19-61
12
13    <uses-permission android:name="android.permission.INTERNET" />
13-->src\main\AndroidManifest.xml:7:5-67
13-->src\main\AndroidManifest.xml:7:22-64
14    <uses-permission android:name="android.permission.ACCESS_NETWORK_STATE" />
14-->src\main\AndroidManifest.xml:8:5-79
14-->src\main\AndroidManifest.xml:8:22-76
15    <uses-permission android:name="android.permission.WAKE_LOCK" />
15-->src\main\AndroidManifest.xml:9:5-68
15-->src\main\AndroidManifest.xml:9:22-65
16    <uses-permission android:name="android.permission.VIBRATE" />
16-->src\main\AndroidManifest.xml:10:5-66
16-->src\main\AndroidManifest.xml:10:22-63
17    <uses-permission android:name="android.permission.RECORD_AUDIO" />
17-->src\main\AndroidManifest.xml:11:5-71
17-->src\main\AndroidManifest.xml:11:22-68
18    <uses-permission android:name="android.permission.POST_NOTIFICATIONS" />
18-->src\main\AndroidManifest.xml:12:5-77
18-->src\main\AndroidManifest.xml:12:22-74
19    <uses-permission android:name="android.permission.FOREGROUND_SERVICE" />
19-->src\main\AndroidManifest.xml:13:5-77
19-->src\main\AndroidManifest.xml:13:22-74
20    <uses-permission android:name="android.permission.FOREGROUND_SERVICE_DATA_SYNC" />
20-->src\main\AndroidManifest.xml:14:5-87
20-->src\main\AndroidManifest.xml:14:22-84
21
22    <!-- Required by older versions of Google Play services to create IID tokens -->
23    <uses-permission android:name="com.google.android.c2dm.permission.RECEIVE" />
23-->[com.google.firebase:firebase-messaging:24.1.0] AndroidManifest.xml:26:5-82
23-->[com.google.firebase:firebase-messaging:24.1.0] AndroidManifest.xml:26:22-79
24
25    <permission
25-->[androidx.core:core:1.15.0] AndroidManifest.xml:22:5-24:47
26        android:name="io.qwqc.claudewatch.DYNAMIC_RECEIVER_NOT_EXPORTED_PERMISSION"
26-->[androidx.core:core:1.15.0] AndroidManifest.xml:23:9-81
27        android:protectionLevel="signature" />
27-->[androidx.core:core:1.15.0] AndroidManifest.xml:24:9-44
28
29    <uses-permission android:name="io.qwqc.claudewatch.DYNAMIC_RECEIVER_NOT_EXPORTED_PERMISSION" />
29-->[androidx.core:core:1.15.0] AndroidManifest.xml:26:5-97
29-->[androidx.core:core:1.15.0] AndroidManifest.xml:26:22-94
30
31    <application
31-->src\main\AndroidManifest.xml:16:5-60:19
32        android:name="io.qwqc.claudewatch.ClaudeWatchApp"
32-->src\main\AndroidManifest.xml:17:9-39
33        android:allowBackup="false"
33-->src\main\AndroidManifest.xml:18:9-36
34        android:appComponentFactory="androidx.core.app.CoreComponentFactory"
34-->[androidx.core:core:1.15.0] AndroidManifest.xml:28:18-86
35        android:extractNativeLibs="false"
36        android:icon="@mipmap/ic_launcher"
36-->src\main\AndroidManifest.xml:19:9-43
37        android:label="@string/app_name"
37-->src\main\AndroidManifest.xml:21:9-41
38        android:roundIcon="@mipmap/ic_launcher_round"
38-->src\main\AndroidManifest.xml:20:9-54
39        android:supportsRtl="true"
39-->src\main\AndroidManifest.xml:22:9-35
40        android:theme="@style/Theme.ClaudeWatch" >
40-->src\main\AndroidManifest.xml:23:9-49
41
42        <!-- Standalone Wear app: works without a paired phone companion. -->
43        <meta-data
43-->src\main\AndroidManifest.xml:27:9-29:36
44            android:name="com.google.android.wearable.standalone"
44-->src\main\AndroidManifest.xml:28:13-66
45            android:value="true" />
45-->src\main\AndroidManifest.xml:29:13-33
46
47        <uses-library
47-->src\main\AndroidManifest.xml:31:9-33:40
48            android:name="com.google.android.wearable"
48-->src\main\AndroidManifest.xml:32:13-55
49            android:required="false" />
49-->src\main\AndroidManifest.xml:33:13-37
50
51        <activity
51-->src\main\AndroidManifest.xml:35:9-45:20
52            android:name="io.qwqc.claudewatch.MainActivity"
52-->src\main\AndroidManifest.xml:36:13-41
53            android:exported="true"
53-->src\main\AndroidManifest.xml:37:13-36
54            android:label="@string/app_name"
54-->src\main\AndroidManifest.xml:38:13-45
55            android:taskAffinity=""
55-->src\main\AndroidManifest.xml:39:13-36
56            android:theme="@style/Theme.ClaudeWatch" >
56-->src\main\AndroidManifest.xml:40:13-53
57            <intent-filter>
57-->src\main\AndroidManifest.xml:41:13-44:29
58                <action android:name="android.intent.action.MAIN" />
58-->src\main\AndroidManifest.xml:42:17-69
58-->src\main\AndroidManifest.xml:42:25-66
59
60                <category android:name="android.intent.category.LAUNCHER" />
60-->src\main\AndroidManifest.xml:43:17-77
60-->src\main\AndroidManifest.xml:43:27-74
61            </intent-filter>
62        </activity>
63
64        <!-- Receives "Claude is done" pushes from the server Stop hook. -->
65        <service
65-->src\main\AndroidManifest.xml:48:9-54:19
66            android:name="io.qwqc.claudewatch.fcm.ClaudeMessagingService"
66-->src\main\AndroidManifest.xml:49:13-55
67            android:exported="false" >
67-->src\main\AndroidManifest.xml:50:13-37
68            <intent-filter>
68-->src\main\AndroidManifest.xml:51:13-53:29
69                <action android:name="com.google.firebase.MESSAGING_EVENT" />
69-->src\main\AndroidManifest.xml:52:17-78
69-->src\main\AndroidManifest.xml:52:25-75
70            </intent-filter>
71        </service>
72
73        <meta-data
73-->src\main\AndroidManifest.xml:56:9-58:55
74            android:name="com.google.firebase.messaging.default_notification_channel_id"
74-->src\main\AndroidManifest.xml:57:13-89
75            android:value="@string/done_channel_id" />
75-->src\main\AndroidManifest.xml:58:13-52
76
77        <uses-library
77-->[androidx.wear.compose:compose-foundation:1.4.1] AndroidManifest.xml:23:9-25:40
78            android:name="wear-sdk"
78-->[androidx.wear.compose:compose-foundation:1.4.1] AndroidManifest.xml:24:13-36
79            android:required="false" />
79-->[androidx.wear.compose:compose-foundation:1.4.1] AndroidManifest.xml:25:13-37
80
81        <service
81-->[com.google.firebase:firebase-messaging-ktx:24.1.0] AndroidManifest.xml:23:9-29:19
82            android:name="com.google.firebase.components.ComponentDiscoveryService"
82-->[com.google.firebase:firebase-messaging-ktx:24.1.0] AndroidManifest.xml:24:13-84
83            android:directBootAware="true"
83-->[com.google.firebase:firebase-common:21.0.0] AndroidManifest.xml:32:13-43
84            android:exported="false" >
84-->[com.google.firebase:firebase-messaging-ktx:24.1.0] AndroidManifest.xml:25:13-37
85            <meta-data
85-->[com.google.firebase:firebase-messaging-ktx:24.1.0] AndroidManifest.xml:26:13-28:85
86                android:name="com.google.firebase.components:com.google.firebase.messaging.ktx.FirebaseMessagingLegacyRegistrar"
86-->[com.google.firebase:firebase-messaging-ktx:24.1.0] AndroidManifest.xml:27:17-129
87                android:value="com.google.firebase.components.ComponentRegistrar" />
87-->[com.google.firebase:firebase-messaging-ktx:24.1.0] AndroidManifest.xml:28:17-82
88            <meta-data
88-->[com.google.firebase:firebase-messaging:24.1.0] AndroidManifest.xml:57:13-59:85
89                android:name="com.google.firebase.components:com.google.firebase.messaging.FirebaseMessagingKtxRegistrar"
89-->[com.google.firebase:firebase-messaging:24.1.0] AndroidManifest.xml:58:17-122
90                android:value="com.google.firebase.components.ComponentRegistrar" />
90-->[com.google.firebase:firebase-messaging:24.1.0] AndroidManifest.xml:59:17-82
91            <meta-data
91-->[com.google.firebase:firebase-messaging:24.1.0] AndroidManifest.xml:60:13-62:85
92                android:name="com.google.firebase.components:com.google.firebase.messaging.FirebaseMessagingRegistrar"
92-->[com.google.firebase:firebase-messaging:24.1.0] AndroidManifest.xml:61:17-119
93                android:value="com.google.firebase.components.ComponentRegistrar" />
93-->[com.google.firebase:firebase-messaging:24.1.0] AndroidManifest.xml:62:17-82
94            <meta-data
94-->[com.google.firebase:firebase-installations:18.0.0] AndroidManifest.xml:15:13-17:85
95                android:name="com.google.firebase.components:com.google.firebase.installations.FirebaseInstallationsKtxRegistrar"
95-->[com.google.firebase:firebase-installations:18.0.0] AndroidManifest.xml:16:17-130
96                android:value="com.google.firebase.components.ComponentRegistrar" />
96-->[com.google.firebase:firebase-installations:18.0.0] AndroidManifest.xml:17:17-82
97            <meta-data
97-->[com.google.firebase:firebase-installations:18.0.0] AndroidManifest.xml:18:13-20:85
98                android:name="com.google.firebase.components:com.google.firebase.installations.FirebaseInstallationsRegistrar"
98-->[com.google.firebase:firebase-installations:18.0.0] AndroidManifest.xml:19:17-127
99                android:value="com.google.firebase.components.ComponentRegistrar" />
99-->[com.google.firebase:firebase-installations:18.0.0] AndroidManifest.xml:20:17-82
100            <meta-data
100-->[com.google.firebase:firebase-common-ktx:21.0.0] AndroidManifest.xml:12:13-14:85
101                android:name="com.google.firebase.components:com.google.firebase.ktx.FirebaseCommonLegacyRegistrar"
101-->[com.google.firebase:firebase-common-ktx:21.0.0] AndroidManifest.xml:13:17-116
102                android:value="com.google.firebase.components.ComponentRegistrar" />
102-->[com.google.firebase:firebase-common-ktx:21.0.0] AndroidManifest.xml:14:17-82
103            <meta-data
103-->[com.google.firebase:firebase-common:21.0.0] AndroidManifest.xml:35:13-37:85
104                android:name="com.google.firebase.components:com.google.firebase.FirebaseCommonKtxRegistrar"
104-->[com.google.firebase:firebase-common:21.0.0] AndroidManifest.xml:36:17-109
105                android:value="com.google.firebase.components.ComponentRegistrar" />
105-->[com.google.firebase:firebase-common:21.0.0] AndroidManifest.xml:37:17-82
106            <meta-data
106-->[com.google.firebase:firebase-datatransport:18.2.0] AndroidManifest.xml:25:13-27:85
107                android:name="com.google.firebase.components:com.google.firebase.datatransport.TransportRegistrar"
107-->[com.google.firebase:firebase-datatransport:18.2.0] AndroidManifest.xml:26:17-115
108                android:value="com.google.firebase.components.ComponentRegistrar" />
108-->[com.google.firebase:firebase-datatransport:18.2.0] AndroidManifest.xml:27:17-82
109        </service>
110
111        <receiver
111-->[com.google.firebase:firebase-messaging:24.1.0] AndroidManifest.xml:29:9-40:20
112            android:name="com.google.firebase.iid.FirebaseInstanceIdReceiver"
112-->[com.google.firebase:firebase-messaging:24.1.0] AndroidManifest.xml:30:13-78
113            android:exported="true"
113-->[com.google.firebase:firebase-messaging:24.1.0] AndroidManifest.xml:31:13-36
114            android:permission="com.google.android.c2dm.permission.SEND" >
114-->[com.google.firebase:firebase-messaging:24.1.0] AndroidManifest.xml:32:13-73
115            <intent-filter>
115-->[com.google.firebase:firebase-messaging:24.1.0] AndroidManifest.xml:33:13-35:29
116                <action android:name="com.google.android.c2dm.intent.RECEIVE" />
116-->[com.google.firebase:firebase-messaging:24.1.0] AndroidManifest.xml:34:17-81
116-->[com.google.firebase:firebase-messaging:24.1.0] AndroidManifest.xml:34:25-78
117            </intent-filter>
118
119            <meta-data
119-->[com.google.firebase:firebase-messaging:24.1.0] AndroidManifest.xml:37:13-39:40
120                android:name="com.google.android.gms.cloudmessaging.FINISHED_AFTER_HANDLED"
120-->[com.google.firebase:firebase-messaging:24.1.0] AndroidManifest.xml:38:17-92
121                android:value="true" />
121-->[com.google.firebase:firebase-messaging:24.1.0] AndroidManifest.xml:39:17-37
122        </receiver>
123        <!--
124             FirebaseMessagingService performs security checks at runtime,
125             but set to not exported to explicitly avoid allowing another app to call it.
126        -->
127        <service
127-->[com.google.firebase:firebase-messaging:24.1.0] AndroidManifest.xml:46:9-53:19
128            android:name="com.google.firebase.messaging.FirebaseMessagingService"
128-->[com.google.firebase:firebase-messaging:24.1.0] AndroidManifest.xml:47:13-82
129            android:directBootAware="true"
129-->[com.google.firebase:firebase-messaging:24.1.0] AndroidManifest.xml:48:13-43
130            android:exported="false" >
130-->[com.google.firebase:firebase-messaging:24.1.0] AndroidManifest.xml:49:13-37
131            <intent-filter android:priority="-500" >
131-->src\main\AndroidManifest.xml:51:13-53:29
132                <action android:name="com.google.firebase.MESSAGING_EVENT" />
132-->src\main\AndroidManifest.xml:52:17-78
132-->src\main\AndroidManifest.xml:52:25-75
133            </intent-filter>
134        </service>
135
136        <activity
136-->[com.google.android.gms:play-services-base:18.5.0] AndroidManifest.xml:5:9-173
137            android:name="com.google.android.gms.common.api.GoogleApiActivity"
137-->[com.google.android.gms:play-services-base:18.5.0] AndroidManifest.xml:5:19-85
138            android:exported="false"
138-->[com.google.android.gms:play-services-base:18.5.0] AndroidManifest.xml:5:146-170
139            android:theme="@android:style/Theme.Translucent.NoTitleBar" />
139-->[com.google.android.gms:play-services-base:18.5.0] AndroidManifest.xml:5:86-145
140
141        <provider
141-->[com.google.firebase:firebase-common:21.0.0] AndroidManifest.xml:23:9-28:39
142            android:name="com.google.firebase.provider.FirebaseInitProvider"
142-->[com.google.firebase:firebase-common:21.0.0] AndroidManifest.xml:24:13-77
143            android:authorities="io.qwqc.claudewatch.firebaseinitprovider"
143-->[com.google.firebase:firebase-common:21.0.0] AndroidManifest.xml:25:13-72
144            android:directBootAware="true"
144-->[com.google.firebase:firebase-common:21.0.0] AndroidManifest.xml:26:13-43
145            android:exported="false"
145-->[com.google.firebase:firebase-common:21.0.0] AndroidManifest.xml:27:13-37
146            android:initOrder="100" />
146-->[com.google.firebase:firebase-common:21.0.0] AndroidManifest.xml:28:13-36
147        <provider
147-->[androidx.emoji2:emoji2:1.3.0] AndroidManifest.xml:24:9-32:20
148            android:name="androidx.startup.InitializationProvider"
148-->[androidx.emoji2:emoji2:1.3.0] AndroidManifest.xml:25:13-67
149            android:authorities="io.qwqc.claudewatch.androidx-startup"
149-->[androidx.emoji2:emoji2:1.3.0] AndroidManifest.xml:26:13-68
150            android:exported="false" >
150-->[androidx.emoji2:emoji2:1.3.0] AndroidManifest.xml:27:13-37
151            <meta-data
151-->[androidx.emoji2:emoji2:1.3.0] AndroidManifest.xml:29:13-31:52
152                android:name="androidx.emoji2.text.EmojiCompatInitializer"
152-->[androidx.emoji2:emoji2:1.3.0] AndroidManifest.xml:30:17-75
153                android:value="androidx.startup" />
153-->[androidx.emoji2:emoji2:1.3.0] AndroidManifest.xml:31:17-49
154            <meta-data
154-->[androidx.lifecycle:lifecycle-process:2.8.7] AndroidManifest.xml:29:13-31:52
155                android:name="androidx.lifecycle.ProcessLifecycleInitializer"
155-->[androidx.lifecycle:lifecycle-process:2.8.7] AndroidManifest.xml:30:17-78
156                android:value="androidx.startup" />
156-->[androidx.lifecycle:lifecycle-process:2.8.7] AndroidManifest.xml:31:17-49
157            <meta-data
157-->[androidx.profileinstaller:profileinstaller:1.3.1] AndroidManifest.xml:29:13-31:52
158                android:name="androidx.profileinstaller.ProfileInstallerInitializer"
158-->[androidx.profileinstaller:profileinstaller:1.3.1] AndroidManifest.xml:30:17-85
159                android:value="androidx.startup" />
159-->[androidx.profileinstaller:profileinstaller:1.3.1] AndroidManifest.xml:31:17-49
160        </provider>
161
162        <meta-data
162-->[com.google.android.gms:play-services-basement:18.4.0] AndroidManifest.xml:6:9-122
163            android:name="com.google.android.gms.version"
163-->[com.google.android.gms:play-services-basement:18.4.0] AndroidManifest.xml:6:20-65
164            android:value="@integer/google_play_services_version" />
164-->[com.google.android.gms:play-services-basement:18.4.0] AndroidManifest.xml:6:66-119
165
166        <receiver
166-->[androidx.profileinstaller:profileinstaller:1.3.1] AndroidManifest.xml:34:9-52:20
167            android:name="androidx.profileinstaller.ProfileInstallReceiver"
167-->[androidx.profileinstaller:profileinstaller:1.3.1] AndroidManifest.xml:35:13-76
168            android:directBootAware="false"
168-->[androidx.profileinstaller:profileinstaller:1.3.1] AndroidManifest.xml:36:13-44
169            android:enabled="true"
169-->[androidx.profileinstaller:profileinstaller:1.3.1] AndroidManifest.xml:37:13-35
170            android:exported="true"
170-->[androidx.profileinstaller:profileinstaller:1.3.1] AndroidManifest.xml:38:13-36
171            android:permission="android.permission.DUMP" >
171-->[androidx.profileinstaller:profileinstaller:1.3.1] AndroidManifest.xml:39:13-57
172            <intent-filter>
172-->[androidx.profileinstaller:profileinstaller:1.3.1] AndroidManifest.xml:40:13-42:29
173                <action android:name="androidx.profileinstaller.action.INSTALL_PROFILE" />
173-->[androidx.profileinstaller:profileinstaller:1.3.1] AndroidManifest.xml:41:17-91
173-->[androidx.profileinstaller:profileinstaller:1.3.1] AndroidManifest.xml:41:25-88
174            </intent-filter>
175            <intent-filter>
175-->[androidx.profileinstaller:profileinstaller:1.3.1] AndroidManifest.xml:43:13-45:29
176                <action android:name="androidx.profileinstaller.action.SKIP_FILE" />
176-->[androidx.profileinstaller:profileinstaller:1.3.1] AndroidManifest.xml:44:17-85
176-->[androidx.profileinstaller:profileinstaller:1.3.1] AndroidManifest.xml:44:25-82
177            </intent-filter>
178            <intent-filter>
178-->[androidx.profileinstaller:profileinstaller:1.3.1] AndroidManifest.xml:46:13-48:29
179                <action android:name="androidx.profileinstaller.action.SAVE_PROFILE" />
179-->[androidx.profileinstaller:profileinstaller:1.3.1] AndroidManifest.xml:47:17-88
179-->[androidx.profileinstaller:profileinstaller:1.3.1] AndroidManifest.xml:47:25-85
180            </intent-filter>
181            <intent-filter>
181-->[androidx.profileinstaller:profileinstaller:1.3.1] AndroidManifest.xml:49:13-51:29
182                <action android:name="androidx.profileinstaller.action.BENCHMARK_OPERATION" />
182-->[androidx.profileinstaller:profileinstaller:1.3.1] AndroidManifest.xml:50:17-95
182-->[androidx.profileinstaller:profileinstaller:1.3.1] AndroidManifest.xml:50:25-92
183            </intent-filter>
184        </receiver>
185
186        <service
186-->[com.google.android.datatransport:transport-backend-cct:3.1.9] AndroidManifest.xml:28:9-34:19
187            android:name="com.google.android.datatransport.runtime.backends.TransportBackendDiscovery"
187-->[com.google.android.datatransport:transport-backend-cct:3.1.9] AndroidManifest.xml:29:13-103
188            android:exported="false" >
188-->[com.google.android.datatransport:transport-backend-cct:3.1.9] AndroidManifest.xml:30:13-37
189            <meta-data
189-->[com.google.android.datatransport:transport-backend-cct:3.1.9] AndroidManifest.xml:31:13-33:39
190                android:name="backend:com.google.android.datatransport.cct.CctBackendFactory"
190-->[com.google.android.datatransport:transport-backend-cct:3.1.9] AndroidManifest.xml:32:17-94
191                android:value="cct" />
191-->[com.google.android.datatransport:transport-backend-cct:3.1.9] AndroidManifest.xml:33:17-36
192        </service>
193        <service
193-->[com.google.android.datatransport:transport-runtime:3.1.9] AndroidManifest.xml:26:9-30:19
194            android:name="com.google.android.datatransport.runtime.scheduling.jobscheduling.JobInfoSchedulerService"
194-->[com.google.android.datatransport:transport-runtime:3.1.9] AndroidManifest.xml:27:13-117
195            android:exported="false"
195-->[com.google.android.datatransport:transport-runtime:3.1.9] AndroidManifest.xml:28:13-37
196            android:permission="android.permission.BIND_JOB_SERVICE" >
196-->[com.google.android.datatransport:transport-runtime:3.1.9] AndroidManifest.xml:29:13-69
197        </service>
198
199        <receiver
199-->[com.google.android.datatransport:transport-runtime:3.1.9] AndroidManifest.xml:32:9-34:40
200            android:name="com.google.android.datatransport.runtime.scheduling.jobscheduling.AlarmManagerSchedulerBroadcastReceiver"
200-->[com.google.android.datatransport:transport-runtime:3.1.9] AndroidManifest.xml:33:13-132
201            android:exported="false" />
201-->[com.google.android.datatransport:transport-runtime:3.1.9] AndroidManifest.xml:34:13-37
202    </application>
203
204</manifest>